# JRE version: Java(TM) SE Runtime Environment 18.9 (11.0.9+7) (build 11.0.9+7-LTS)
# Java VM: Java HotSpot(TM) 64-Bit Server VM 18.9 (11.0.9+7-LTS, mixed mode, tiered, compressed oops, g1 gc, windows-amd64)
Heap:
 garbage-first heap   total 95232K, used 56251K [0x00000000c1400000, 0x0000000100000000)
  region size 1024K, 30 young (30720K), 3 survivors (3072K)
 Metaspace       used 31067K, capacity 31972K, committed 32176K, reserved 1077248K
  class space    used 3321K, capacity 3674K, committed 3760K, reserved 1048576K
GC Heap History (10 events):
Event: 5.185 GC heap before
{Heap before GC invocations=4 (full 0):
 garbage-first heap   total 65536K, used 44918K [0x00000000c1400000, 0x0000000100000000)
  region size 1024K, 30 young (30720K), 3 survivors (3072K)
 Metaspace       used 19517K, capacity 19753K, committed 19840K, reserved 1067008K
  class space    used 1764K, capacity 1839K, committed 1920K, reserved 1048576K
}
Event: 5.199 GC heap after
{Heap after GC invocations=5 (full 0):
 garbage-first heap   total 78848K, used 19187K [0x00000000c1400000, 0x0000000100000000)
  region size 1024K, 2 young (2048K), 2 survivors (2048K)
 Metaspace       used 19517K, capacity 19753K, committed 19840K, reserved 1067008K
  class space    used 1764K, capacity 1839K, committed 1920K, reserved 1048576K
}
Event: 6.042 GC heap before
{Heap before GC invocations=5 (full 0):
 garbage-first heap   total 78848K, used 39667K [0x00000000c1400000, 0x0000000100000000)
  region size 1024K, 23 young (23552K), 2 survivors (2048K)
 Metaspace       used 20963K, capacity 21257K, committed 21296K, reserved 1069056K
  class space    used 1962K, capacity 2067K, committed 2096K, reserved 1048576K
}
Event: 6.054 GC heap after
{Heap after GC invocations=6 (full 0):
 garbage-first heap   total 78848K, used 20768K [0x00000000c1400000, 0x0000000100000000)
  region size 1024K, 4 young (4096K), 4 survivors (4096K)
 Metaspace       used 20963K, capacity 21257K, committed 21296K, reserved 1069056K
  class space    used 1962K, capacity 2067K, committed 2096K, reserved 1048576K
}
Event: 7.205 GC heap before
{Heap before GC invocations=7 (full 0):
 garbage-first heap   total 78848K, used 52512K [0x00000000c1400000, 0x0000000100000000)
  region size 1024K, 35 young (35840K), 4 survivors (4096K)
 Metaspace       used 23528K, capacity 24192K, committed 24496K, reserved 1071104K
  class space    used 2382K, capacity 2648K, committed 2736K, reserved 1048576K
}
Event: 7.227 GC heap after
{Heap after GC invocations=8 (full 0):
 garbage-first heap   total 78848K, used 23233K [0x00000000c1400000, 0x0000000100000000)
  region size 1024K, 5 young (5120K), 5 survivors (5120K)
 Metaspace       used 23528K, capacity 24192K, committed 24496K, reserved 1071104K
  class space    used 2382K, capacity 2648K, committed 2736K, reserved 1048576K
}
Event: 8.052 GC heap before
{Heap before GC invocations=8 (full 0):
 garbage-first heap   total 78848K, used 54977K [0x00000000c1400000, 0x0000000100000000)
  region size 1024K, 36 young (36864K), 5 survivors (5120K)
 Metaspace       used 27001K, capacity 27670K, committed 27952K, reserved 1075200K
  class space    used 2784K, capacity 3056K, committed 3120K, reserved 1048576K
}
Event: 8.080 GC heap after
{Heap after GC invocations=9 (full 0):
 garbage-first heap   total 78848K, used 26488K [0x00000000c1400000, 0x0000000100000000)
  region size 1024K, 5 young (5120K), 5 survivors (5120K)
 Metaspace       used 27001K, capacity 27670K, committed 27952K, reserved 1075200K
  class space    used 2784K, capacity 3056K, committed 3120K, reserved 1048576K
}
Event: 9.113 GC heap before
{Heap before GC invocations=9 (full 0):
 garbage-first heap   total 78848K, used 57208K [0x00000000c1400000, 0x0000000100000000)
  region size 1024K, 35 young (35840K), 5 survivors (5120K)
 Metaspace       used 29092K, capacity 29986K, committed 30128K, reserved 1075200K
  class space    used 3101K, capacity 3438K, committed 3504K, reserved 1048576K
}
Event: 9.137 GC heap after
{Heap after GC invocations=10 (full 0):
 garbage-first heap   total 95232K, used 29627K [0x00000000c1400000, 0x0000000100000000)
  region size 1024K, 3 young (3072K), 3 survivors (3072K)
 Metaspace       used 29092K, capacity 29986K, committed 30128K, reserved 1075200K
  class space    used 3101K, capacity 3438K, committed 3504K, reserved 1048576K
}

